#
# There is insufficient memory for the Java Runtime Environment to continue.
# Native memory allocation (malloc) failed to allocate 708736 bytes for Chunk::new
# Possible reasons:
#   The system is out of physical RAM or swap space
#   In 32 bit mode, the process size limit was hit
# Possible solutions:
#   Reduce memory load on the system
#   Increase physical memory or swap space
#   Check if swap backing store is full
#   Use 64 bit Java on a 64 bit OS
#   Decrease Java heap size (-Xmx/-Xms)
#   Decrease number of Java threads
#   Decrease Java thread stack sizes (-Xss)
#   Set larger code cache with -XX:ReservedCodeCacheSize=
# This output file may be truncated or incomplete.
#
#  Out of Memory Error (allocation.cpp:390), pid=6968, tid=8048
#
# JRE version: Java(TM) SE Runtime Environment (8.0_20-b26) (build 1.8.0_20-b26)
# Java VM: Java HotSpot(TM) 64-Bit Server VM (25.20-b23 mixed mode windows-amd64 compressed oops)
# Failed to write core dump. Minidumps are not enabled by default on client versions of Windows
#

---------------  T H R E A D  ---------------

Current thread (0x0000000014d3b800):  JavaThread "C2 CompilerThread0" daemon [_thread_in_native, id=8048, stack(0x0000000016240000,0x0000000016340000)]

Stack: [0x0000000016240000,0x0000000016340000]
Native frames: (J=compiled Java code, j=interpreted, Vv=VM code, C=native code)
V  [jvm.dll+0x3152fa]


Current CompileTask:
C2:  14230 2797       4       com.android.dx.dex.file.DebugInfoEncoder::emitHeader (530 bytes)


---------------  P R O C E S S  ---------------

Java Threads: ( => current thread )
  0x0000000016698000 JavaThread "pool-1-thread-1" [_thread_in_Java, id=6912, stack(0x0000000019fe0000,0x000000001a0e0000)]
  0x00000000163a1000 JavaThread "Service Thread" daemon [_thread_blocked, id=5688, stack(0x0000000016940000,0x0000000016a40000)]
  0x000000001639b000 JavaThread "C1 CompilerThread2" daemon [_thread_blocked, id=3088, stack(0x0000000016840000,0x0000000016940000)]
  0x0000000016341000 JavaThread "C2 CompilerThread1" daemon [_thread_in_native, id=2232, stack(0x0000000016740000,0x0000000016840000)]
=>0x0000000014d3b800 JavaThread "C2 CompilerThread0" daemon [_thread_in_native, id=8048, stack(0x0000000016240000,0x0000000016340000)]
  0x0000000014d39800 JavaThread "Attach Listener" daemon [_thread_blocked, id=2548, stack(0x0000000016140000,0x0000000016240000)]
  0x0000000014cee800 JavaThread "Signal Dispatcher" daemon [_thread_blocked, id=9684, stack(0x0000000016040000,0x0000000016140000)]
  0x00000000025ff800 JavaThread "Finalizer" daemon [_thread_blocked, id=6280, stack(0x0000000015f40000,0x0000000016040000)]
  0x00000000025fe000 JavaThread "Reference Handler" daemon [_thread_blocked, id=10176, stack(0x0000000015e40000,0x0000000015f40000)]
  0x0000000002511000 JavaThread "main" [_thread_blocked, id=7140, stack(0x0000000002310000,0x0000000002410000)]

Other Threads:
  0x0000000014ca6000 VMThread [stack: 0x0000000015d40000,0x0000000015e40000] [id=2628]
  0x00000000163a3800 WatcherThread [stack: 0x0000000016a40000,0x0000000016b40000] [id=3888]

VM state:not at safepoint (normal execution)

VM Mutex/Monitor currently owned by a thread: None

Heap:
 PSYoungGen      total 291328K, used 106936K [0x00000000eab00000, 0x00000000fee00000, 0x0000000100000000)
  eden space 262656K, 31% used [0x00000000eab00000,0x00000000efb3b8a0,0x00000000fab80000)
  from space 28672K, 86% used [0x00000000fcb00000,0x00000000fe332b48,0x00000000fe700000)
  to   space 32256K, 0% used [0x00000000fab80000,0x00000000fab80000,0x00000000fcb00000)
 ParOldGen       total 87552K, used 44757K [0x00000000c0000000, 0x00000000c5580000, 0x00000000eab00000)
  object space 87552K, 51% used [0x00000000c0000000,0x00000000c2bb5568,0x00000000c5580000)
 Metaspace       used 6924K, capacity 7608K, committed 7936K, reserved 1056768K
  class space    used 637K, capacity 688K, committed 768K, reserved 1048576K

Card table byte_map: [0x00000000119d0000,0x0000000011be0000] byte_map_base: 0x00000000113d0000

Marking Bits: (ParMarkBitMap*) 0x000000005693b460
 Begin Bits: [0x0000000012140000, 0x0000000013140000)
 End Bits:   [0x0000000013140000, 0x0000000014140000)

Polling page: 0x0000000000500000

CodeCache: size=245760Kb used=11000Kb max_used=11007Kb free=234759Kb
 bounds [0x0000000002610000, 0x00000000030e0000, 0x0000000011610000]
 total_blobs=2947 nmethods=2679 adapters=181
 compilation: enabled

Compilation events (10 events):
Event: 14.186 Thread 0x000000001639b000 2795       3       com.android.dx.dex.file.DebugInfoEncoder::emitLocalsAtAddress (150 bytes)
Event: 14.188 Thread 0x000000001639b000 nmethod 2795 0x00000000030cb7d0 code [0x00000000030cba60, 0x00000000030ccdc8]
Event: 14.193 Thread 0x000000001639b000 2796       3       com.android.dx.dex.file.DebugInfoEncoder::emitLocalStartExtended (103 bytes)
Event: 14.193 Thread 0x0000000014d3b800 nmethod 2789 0x00000000030d8a90 code [0x00000000030d8d00, 0x00000000030da098]
Event: 14.193 Thread 0x0000000014d3b800 2792       4       com.android.dx.dex.file.DebugInfoEncoder$1::compare (13 bytes)
Event: 14.194 Thread 0x0000000014d3b800 nmethod 2792 0x00000000030c43d0 code [0x00000000030c4520, 0x00000000030c45f8]
Event: 14.194 Thread 0x000000001639b000 nmethod 2796 0x00000000030c9c10 code [0x00000000030c9ea0, 0x00000000030caf78]
Event: 14.197 Thread 0x0000000014d3b800 2797       4       com.android.dx.dex.file.DebugInfoEncoder::emitHeader (530 bytes)
Event: 14.200 Thread 0x000000001639b000 2798       3       com.android.dx.dex.code.SwitchData::codeSize (27 bytes)
Event: 14.200 Thread 0x000000001639b000 nmethod 2798 0x00000000030c9690 code [0x00000000030c9800, 0x00000000030c9b08]

GC Heap History (10 events):
Event: 2.844 GC heap before
{Heap before GC invocations=2 (full 0):
 PSYoungGen      total 38400K, used 38384K [0x00000000eab00000, 0x00000000ef600000, 0x0000000100000000)
  eden space 33280K, 100% used [0x00000000eab00000,0x00000000ecb80000,0x00000000ecb80000)
  from space 5120K, 99% used [0x00000000ecb80000,0x00000000ed07c0f8,0x00000000ed080000)
  to   space 5120K, 0% used [0x00000000ef100000,0x00000000ef100000,0x00000000ef600000)
 ParOldGen       total 87552K, used 61K [0x00000000c0000000, 0x00000000c5580000, 0x00000000eab00000)
  object space 87552K, 0% used [0x00000000c0000000,0x00000000c000f660,0x00000000c5580000)
 Metaspace       used 6196K, capacity 7088K, committed 7296K, reserved 1056768K
  class space    used 595K, capacity 616K, committed 640K, reserved 1048576K
Event: 2.873 GC heap after
Heap after GC invocations=2 (full 0):
 PSYoungGen      total 71680K, used 5109K [0x00000000eab00000, 0x00000000ef600000, 0x0000000100000000)
  eden space 66560K, 0% used [0x00000000eab00000,0x00000000eab00000,0x00000000eec00000)
  from space 5120K, 99% used [0x00000000ef100000,0x00000000ef5fd480,0x00000000ef600000)
  to   space 5120K, 0% used [0x00000000eec00000,0x00000000eec00000,0x00000000ef100000)
 ParOldGen       total 87552K, used 3278K [0x00000000c0000000, 0x00000000c5580000, 0x00000000eab00000)
  object space 87552K, 3% used [0x00000000c0000000,0x00000000c0333bb8,0x00000000c5580000)
 Metaspace       used 6196K, capacity 7088K, committed 7296K, reserved 1056768K
  class space    used 595K, capacity 616K, committed 640K, reserved 1048576K
}
Event: 6.192 GC heap before
{Heap before GC invocations=3 (full 0):
 PSYoungGen      total 71680K, used 71669K [0x00000000eab00000, 0x00000000ef600000, 0x0000000100000000)
  eden space 66560K, 100% used [0x00000000eab00000,0x00000000eec00000,0x00000000eec00000)
  from space 5120K, 99% used [0x00000000ef100000,0x00000000ef5fd480,0x00000000ef600000)
  to   space 5120K, 0% used [0x00000000eec00000,0x00000000eec00000,0x00000000ef100000)
 ParOldGen       total 87552K, used 3278K [0x00000000c0000000, 0x00000000c5580000, 0x00000000eab00000)
  object space 87552K, 3% used [0x00000000c0000000,0x00000000c0333bb8,0x00000000c5580000)
 Metaspace       used 6278K, capacity 7152K, committed 7296K, reserved 1056768K
  class space    used 597K, capacity 616K, committed 640K, reserved 1048576K
Event: 6.244 GC heap after
Heap after GC invocations=3 (full 0):
 PSYoungGen      total 71680K, used 5093K [0x00000000eab00000, 0x00000000f3700000, 0x0000000100000000)
  eden space 66560K, 0% used [0x00000000eab00000,0x00000000eab00000,0x00000000eec00000)
  from space 5120K, 99% used [0x00000000eec00000,0x00000000ef0f9470,0x00000000ef100000)
  to   space 5120K, 0% used [0x00000000f3200000,0x00000000f3200000,0x00000000f3700000)
 ParOldGen       total 87552K, used 12869K [0x00000000c0000000, 0x00000000c5580000, 0x00000000eab00000)
  object space 87552K, 14% used [0x00000000c0000000,0x00000000c0c91410,0x00000000c5580000)
 Metaspace       used 6278K, capacity 7152K, committed 7296K, reserved 1056768K
  class space    used 597K, capacity 616K, committed 640K, reserved 1048576K
}
Event: 7.327 GC heap before
{Heap before GC invocations=4 (full 0):
 PSYoungGen      total 71680K, used 71653K [0x00000000eab00000, 0x00000000f3700000, 0x0000000100000000)
  eden space 66560K, 100% used [0x00000000eab00000,0x00000000eec00000,0x00000000eec00000)
  from space 5120K, 99% used [0x00000000eec00000,0x00000000ef0f9470,0x00000000ef100000)
  to   space 5120K, 0% used [0x00000000f3200000,0x00000000f3200000,0x00000000f3700000)
 ParOldGen       total 87552K, used 12869K [0x00000000c0000000, 0x00000000c5580000, 0x00000000eab00000)
  object space 87552K, 14% used [0x00000000c0000000,0x00000000c0c91410,0x00000000c5580000)
 Metaspace       used 6349K, capacity 7152K, committed 7296K, reserved 1056768K
  class space    used 597K, capacity 616K, committed 640K, reserved 1048576K
Event: 7.473 GC heap after
Heap after GC invocations=4 (full 0):
 PSYoungGen      total 138240K, used 5113K [0x00000000eab00000, 0x00000000f3700000, 0x0000000100000000)
  eden space 133120K, 0% used [0x00000000eab00000,0x00000000eab00000,0x00000000f2d00000)
  from space 5120K, 99% used [0x00000000f3200000,0x00000000f36fe6e0,0x00000000f3700000)
  to   space 5120K, 0% used [0x00000000f2d00000,0x00000000f2d00000,0x00000000f3200000)
 ParOldGen       total 87552K, used 23568K [0x00000000c0000000, 0x00000000c5580000, 0x00000000eab00000)
  object space 87552K, 26% used [0x00000000c0000000,0x00000000c1704170,0x00000000c5580000)
 Metaspace       used 6349K, capacity 7152K, committed 7296K, reserved 1056768K
  class space    used 597K, capacity 616K, committed 640K, reserved 1048576K
}
Event: 8.533 GC heap before
{Heap before GC invocations=5 (full 0):
 PSYoungGen      total 138240K, used 138233K [0x00000000eab00000, 0x00000000f3700000, 0x0000000100000000)
  eden space 133120K, 100% used [0x00000000eab00000,0x00000000f2d00000,0x00000000f2d00000)
  from space 5120K, 99% used [0x00000000f3200000,0x00000000f36fe6e0,0x00000000f3700000)
  to   space 5120K, 0% used [0x00000000f2d00000,0x00000000f2d00000,0x00000000f3200000)
 ParOldGen       total 87552K, used 23568K [0x00000000c0000000, 0x00000000c5580000, 0x00000000eab00000)
  object space 87552K, 26% used [0x00000000c0000000,0x00000000c1704170,0x00000000c5580000)
 Metaspace       used 6513K, capacity 7256K, committed 7424K, reserved 1056768K
  class space    used 617K, capacity 656K, committed 768K, reserved 1048576K
Event: 8.620 GC heap after
Heap after GC invocations=5 (full 0):
 PSYoungGen      total 138240K, used 5102K [0x00000000eab00000, 0x00000000fe700000, 0x0000000100000000)
  eden space 133120K, 0% used [0x00000000eab00000,0x00000000eab00000,0x00000000f2d00000)
  from space 5120K, 99% used [0x00000000f2d00000,0x00000000f31fbac0,0x00000000f3200000)
  to   space 28672K, 0% used [0x00000000fcb00000,0x00000000fcb00000,0x00000000fe700000)
 ParOldGen       total 87552K, used 44757K [0x00000000c0000000, 0x00000000c5580000, 0x00000000eab00000)
  object space 87552K, 51% used [0x00000000c0000000,0x00000000c2bb5568,0x00000000c5580000)
 Metaspace       used 6513K, capacity 7256K, committed 7424K, reserved 1056768K
  class space    used 617K, capacity 656K, committed 768K, reserved 1048576K
}
Event: 9.466 GC heap before
{Heap before GC invocations=6 (full 0):
 PSYoungGen      total 138240K, used 138222K [0x00000000eab00000, 0x00000000fe700000, 0x0000000100000000)
  eden space 133120K, 100% used [0x00000000eab00000,0x00000000f2d00000,0x00000000f2d00000)
  from space 5120K, 99% used [0x00000000f2d00000,0x00000000f31fbac0,0x00000000f3200000)
  to   space 28672K, 0% used [0x00000000fcb00000,0x00000000fcb00000,0x00000000fe700000)
 ParOldGen       total 87552K, used 44757K [0x00000000c0000000, 0x00000000c5580000, 0x00000000eab00000)
  object space 87552K, 51% used [0x00000000c0000000,0x00000000c2bb5568,0x00000000c5580000)
 Metaspace       used 6529K, capacity 7256K, committed 7424K, reserved 1056768K
  class space    used 617K, capacity 656K, committed 768K, reserved 1048576K
Event: 9.579 GC heap after
Heap after GC invocations=6 (full 0):
 PSYoungGen      total 291328K, used 24778K [0x00000000eab00000, 0x00000000fee00000, 0x0000000100000000)
  eden space 262656K, 0% used [0x00000000eab00000,0x00000000eab00000,0x00000000fab80000)
  from space 28672K, 86% used [0x00000000fcb00000,0x00000000fe332b48,0x00000000fe700000)
  to   space 32256K, 0% used [0x00000000fab80000,0x00000000fab80000,0x00000000fcb00000)
 ParOldGen       total 87552K, used 44757K [0x00000000c0000000, 0x00000000c5580000, 0x00000000eab00000)
  object space 87552K, 51% used [0x00000000c0000000,0x00000000c2bb5568,0x00000000c5580000)
 Metaspace       used 6529K, capacity 7256K, committed 7424K, reserved 1056768K
  class space    used 617K, capacity 656K, committed 768K, reserved 1048576K
}

Deoptimization events (10 events):
Event: 10.267 Thread 0x0000000016698000 Uncommon trap: reason=class_check action=maybe_recompile pc=0x0000000002a3fc24 method=java.util.Arrays.hashCode([Ljava/lang/Object;)I @ 43
Event: 10.268 Thread 0x0000000016698000 Uncommon trap: reason=class_check action=maybe_recompile pc=0x0000000002a3fc24 method=java.util.Arrays.hashCode([Ljava/lang/Object;)I @ 43
Event: 10.268 Thread 0x0000000016698000 Uncommon trap: reason=class_check action=maybe_recompile pc=0x0000000002a3fc24 method=java.util.Arrays.hashCode([Ljava/lang/Object;)I @ 43
Event: 10.268 Thread 0x0000000016698000 Uncommon trap: reason=class_check action=maybe_recompile pc=0x0000000002a3f648 method=java.util.Arrays.hashCode([Ljava/lang/Object;)I @ 43
Event: 11.085 Thread 0x0000000016698000 Uncommon trap: reason=speculate_class_check action=maybe_recompile pc=0x000000000296e47c method=com.android.dx.util.FixedSizeList.equals(Ljava/lang/Object;)Z @ 25
Event: 11.086 Thread 0x0000000016698000 Uncommon trap: reason=speculate_class_check action=maybe_recompile pc=0x000000000296e47c method=com.android.dx.util.FixedSizeList.equals(Ljava/lang/Object;)Z @ 25
Event: 11.086 Thread 0x0000000016698000 Uncommon trap: reason=speculate_class_check action=maybe_recompile pc=0x000000000296e47c method=com.android.dx.util.FixedSizeList.equals(Ljava/lang/Object;)Z @ 25
Event: 11.087 Thread 0x0000000016698000 Uncommon trap: reason=speculate_class_check action=maybe_recompile pc=0x000000000296e47c method=com.android.dx.util.FixedSizeList.equals(Ljava/lang/Object;)Z @ 25
Event: 13.845 Thread 0x0000000016698000 Uncommon trap: reason=predicate action=maybe_recompile pc=0x00000000030b2dec method=java.util.TimSort.countRunAndMakeAscending([Ljava/lang/Object;IILjava/util/Comparator;)I @ 98
Event: 14.185 Thread 0x0000000016698000 Uncommon trap: reason=unreached action=reinterpret pc=0x00000000030ce038 method=com.android.dx.dex.file.DebugInfoEncoder.emitLocalsAtAddress(I)I @ 137

Internal exceptions (10 events):
Event: 11.061 Thread 0x0000000016698000 Exception <a 'java/security/PrivilegedActionException'> (0x00000000ee7e17b0) thrown at [D:\re\workspace\8-2-build-windows-amd64-cygwin\jdk8u20\1074\hotspot\src\share\vm\prims\jvm.cpp, line 1275]
Event: 11.063 Thread 0x0000000016698000 Exception <a 'java/security/PrivilegedActionException'> (0x00000000ee7e6760) thrown at [D:\re\workspace\8-2-build-windows-amd64-cygwin\jdk8u20\1074\hotspot\src\share\vm\prims\jvm.cpp, line 1275]
Event: 11.064 Thread 0x0000000016698000 Exception <a 'java/security/PrivilegedActionException'> (0x00000000ee7eafb8) thrown at [D:\re\workspace\8-2-build-windows-amd64-cygwin\jdk8u20\1074\hotspot\src\share\vm\prims\jvm.cpp, line 1275]
Event: 11.085 Thread 0x0000000016698000 Exception <a 'java/security/PrivilegedActionException'> (0x00000000ee80b160) thrown at [D:\re\workspace\8-2-build-windows-amd64-cygwin\jdk8u20\1074\hotspot\src\share\vm\prims\jvm.cpp, line 1275]
Event: 11.086 Thread 0x0000000016698000 Exception <a 'java/security/PrivilegedActionException'> (0x00000000ee80e358) thrown at [D:\re\workspace\8-2-build-windows-amd64-cygwin\jdk8u20\1074\hotspot\src\share\vm\prims\jvm.cpp, line 1275]
Event: 11.087 Thread 0x0000000016698000 Exception <a 'java/security/PrivilegedActionException'> (0x00000000ee8119d8) thrown at [D:\re\workspace\8-2-build-windows-amd64-cygwin\jdk8u20\1074\hotspot\src\share\vm\prims\jvm.cpp, line 1275]
Event: 11.155 Thread 0x0000000016698000 Exception <a 'java/security/PrivilegedActionException'> (0x00000000ee83a518) thrown at [D:\re\workspace\8-2-build-windows-amd64-cygwin\jdk8u20\1074\hotspot\src\share\vm\prims\jvm.cpp, line 1275]
Event: 13.756 Thread 0x0000000016698000 Exception <a 'java/security/PrivilegedActionException'> (0x00000000ef550820) thrown at [D:\re\workspace\8-2-build-windows-amd64-cygwin\jdk8u20\1074\hotspot\src\share\vm\prims\jvm.cpp, line 1275]
Event: 13.758 Thread 0x0000000016698000 Exception <a 'java/security/PrivilegedActionException'> (0x00000000ef55c6b8) thrown at [D:\re\workspace\8-2-build-windows-amd64-cygwin\jdk8u20\1074\hotspot\src\share\vm\prims\jvm.cpp, line 1275]
Event: 13.759 Thread 0x0000000016698000 Exception <a 'java/security/PrivilegedActionException'> (0x00000000ef55f828) thrown at [D:\re\workspace\8-2-build-windows-amd64-cygwin\jdk8u20\1074\hotspot\src\share\vm\prims\jvm.cpp, line 1275]

Events (10 events):
Event: 13.758 loading class com/android/dx/dex/file/DebugInfoEncoder$1
Event: 13.758 loading class com/android/dx/dex/file/DebugInfoEncoder$1 done
Event: 13.759 loading class com/android/dx/dex/file/DebugInfoEncoder$2
Event: 13.759 loading class com/android/dx/dex/file/DebugInfoEncoder$2 done
Event: 13.845 Thread 0x0000000016698000 Uncommon trap: trap_request=0xffffff86 fr.pc=0x00000000030b2dec
Event: 13.845 Thread 0x0000000016698000 DEOPT PACKING pc=0x00000000030b2dec sp=0x000000001a0ded90
Event: 13.845 Thread 0x0000000016698000 DEOPT UNPACKING pc=0x000000000265556a sp=0x000000001a0decc8 mode 2
Event: 14.185 Thread 0x0000000016698000 Uncommon trap: trap_request=0xffffffad fr.pc=0x00000000030ce038
Event: 14.186 Thread 0x0000000016698000 DEOPT PACKING pc=0x00000000030ce038 sp=0x000000001a0dee30
Event: 14.186 Thread 0x0000000016698000 DEOPT UNPACKING pc=0x000000000265556a sp=0x000000001a0dee20 mode 2


Dynamic libraries:
0x00007ff7fb3a0000 - 0x00007ff7fb3d4000 	C:\Program Files\Java\jdk1.8.0_20\bin\java.exe
0x00007ffed7790000 - 0x00007ffed7951000 	C:\WINDOWS\SYSTEM32\ntdll.dll
0x00007ffed5980000 - 0x00007ffed5a2d000 	C:\WINDOWS\system32\KERNEL32.DLL
0x00007ffed47d0000 - 0x00007ffed49b8000 	C:\WINDOWS\system32\KERNELBASE.dll
0x00007ffed4ba0000 - 0x00007ffed4c47000 	C:\WINDOWS\system32\ADVAPI32.dll
0x00007ffed5490000 - 0x00007ffed552d000 	C:\WINDOWS\system32\msvcrt.dll
0x00007ffed5b00000 - 0x00007ffed5b5b000 	C:\WINDOWS\system32\sechost.dll
0x00007ffed4c50000 - 0x00007ffed4d6c000 	C:\WINDOWS\system32\RPCRT4.dll
0x00007ffed7630000 - 0x00007ffed7786000 	C:\WINDOWS\system32\USER32.dll
0x00007ffed57f0000 - 0x00007ffed5976000 	C:\WINDOWS\system32\GDI32.dll
0x00007ffed03f0000 - 0x00007ffed0664000 	C:\WINDOWS\WinSxS\amd64_microsoft.windows.common-controls_6595b64144ccf1df_6.0.10586.0_none_8c15ae12515e1c22\COMCTL32.dll
0x00007ffed5b60000 - 0x00007ffed5ddd000 	C:\WINDOWS\system32\combase.dll
0x00007ffed4040000 - 0x00007ffed40aa000 	C:\WINDOWS\system32\bcryptPrimitives.dll
0x00007ffed4e70000 - 0x00007ffed4eab000 	C:\WINDOWS\system32\IMM32.DLL
0x00007ffed3ca0000 - 0x00007ffed3cd1000 	C:\Windows\system32\nvinitx.dll
0x00007ffed3c90000 - 0x00007ffed3c9a000 	C:\WINDOWS\SYSTEM32\VERSION.dll
0x0000000058190000 - 0x0000000058196000 	C:\Program Files\NVIDIA Corporation\CoProcManager\_etoured.dll
0x00007ffed1270000 - 0x00007ffed12a3000 	C:\Program Files\NVIDIA Corporation\CoProcManager\nvd3d9wrapx.dll
0x00007ffed4eb0000 - 0x00007ffed52d9000 	C:\WINDOWS\system32\SETUPAPI.dll
0x00007ffed40d0000 - 0x00007ffed4113000 	C:\WINDOWS\system32\CFGMGR32.dll
0x00007ffed1210000 - 0x00007ffed1232000 	C:\Program Files\NVIDIA Corporation\CoProcManager\nvdxgiwrapx.dll
0x0000000054090000 - 0x0000000054162000 	C:\Program Files\Java\jdk1.8.0_20\jre\bin\msvcr100.dll
0x0000000056160000 - 0x00000000569b8000 	C:\Program Files\Java\jdk1.8.0_20\jre\bin\server\jvm.dll
0x00007ffed5530000 - 0x00007ffed5538000 	C:\WINDOWS\system32\PSAPI.DLL
0x00007ffed1530000 - 0x00007ffed1539000 	C:\WINDOWS\SYSTEM32\WSOCK32.dll
0x00007ffed7400000 - 0x00007ffed746b000 	C:\WINDOWS\system32\WS2_32.dll
0x00007ffed2020000 - 0x00007ffed2043000 	C:\WINDOWS\SYSTEM32\WINMM.dll
0x00007ffed1fc0000 - 0x00007ffed1fec000 	C:\WINDOWS\SYSTEM32\WINMMBASE.dll
0x0000000057010000 - 0x000000005701f000 	C:\Program Files\Java\jdk1.8.0_20\jre\bin\verify.dll
0x0000000056fe0000 - 0x0000000057008000 	C:\Program Files\Java\jdk1.8.0_20\jre\bin\java.dll
0x0000000056fc0000 - 0x0000000056fd6000 	C:\Program Files\Java\jdk1.8.0_20\jre\bin\zip.dll
0x00007ffed5ea0000 - 0x00007ffed73fc000 	C:\WINDOWS\system32\SHELL32.dll
0x00007ffed4120000 - 0x00007ffed4764000 	C:\WINDOWS\system32\windows.storage.dll
0x00007ffed5de0000 - 0x00007ffed5e32000 	C:\WINDOWS\system32\shlwapi.dll
0x00007ffed3e30000 - 0x00007ffed3e3f000 	C:\WINDOWS\system32\kernel.appcore.dll
0x00007ffed3f80000 - 0x00007ffed4035000 	C:\WINDOWS\system32\shcore.dll
0x00007ffed3dd0000 - 0x00007ffed3e1b000 	C:\WINDOWS\system32\powrprof.dll
0x00007ffed3db0000 - 0x00007ffed3dc4000 	C:\WINDOWS\system32\profapi.dll

VM Arguments:
jvm_args: -Djava.awt.headless=true -Xmx1024M -Dfile.encoding=GBK -Duser.country=CN -Duser.language=zh -Duser.variant 
java_command: com.android.dx.command.Main --dex --force-jumbo --num-threads=4 --multi-dex --output D:\MyAndroidProject\MultiMediaDemo\app\build\intermediates\transforms\dex\debug\folders\1000\10\com.android.support-support-v4-23.3.0_b2c9d0a313a431e0b81548aeb11a1e28cfafa191 D:\MyAndroidProject\MultiMediaDemo\app\build\intermediates\exploded-aar\com.android.support\support-v4\23.3.0\jars\classes.jar
java_class_path (initial): F:\Users\Administrator\AppData\Local\Android\sdk\build-tools\23.0.2\lib\dx.jar
Launcher Type: SUN_STANDARD

Environment Variables:
JAVA_HOME=C:\Program Files\Java\jdk1.8.0_20
CLASSPATH=.;C:\Program Files\Java\jdk1.8.0_20\lib\dt.jar;C:\Program Files\Java\jdk1.8.0_20\lib\tools.jar
PATH=C:\ProgramData\Oracle\Java\javapath;C:\WINDOWS\system32;C:\WINDOWS;C:\WINDOWS\System32\Wbem;C:\WINDOWS\System32\WindowsPowerShell\v1.0\;C:\Program Files\Java\jdk1.8.0_20\bin;C:\Program Files\Java\jdk1.8.0_20\jre\bin;D:\android-studio\gradle\gradle-2.10\bin;C:\Program Files (x86)\NVIDIA Corporation\PhysX\Common;C:\Program Files\Git\cmd;F:\Users\Administrator\AppData\Local\Android\sdk\platform-tools
USERNAME=Administrator
OS=Windows_NT
PROCESSOR_IDENTIFIER=Intel64 Family 6 Model 58 Stepping 9, GenuineIntel



---------------  S Y S T E M  ---------------

OS: Windows 8.1 , 64 bit Build 9600 

CPU:total 4 (2 cores per cpu, 2 threads per core) family 6 model 58 stepping 9, cmov, cx8, fxsr, mmx, sse, sse2, sse3, ssse3, sse4.1, sse4.2, popcnt, avx, aes, clmul, erms, ht, tsc, tscinvbit, tscinv

Memory: 4k page, physical 8271552k(2610992k free), swap 9023360k(4216k free)

vm_info: Java HotSpot(TM) 64-Bit Server VM (25.20-b23) for windows-amd64 JRE (1.8.0_20-b26), built on Jul 30 2014 13:51:23 by "java_re" with MS VC++ 10.0 (VS2010)

time: Thu May 26 21:26:49 2016
elapsed time: 14 seconds (0d 0h 0m 14s)

