#
# There is insufficient memory for the Java Runtime Environment to continue.
# Native memory allocation (malloc) failed to allocate 1048576 bytes for AllocateHeap
# Possible reasons:
#   The system is out of physical RAM or swap space
#   In 32 bit mode, the process size limit was hit
# Possible solutions:
#   Reduce memory load on the system
#   Increase physical memory or swap space
#   Check if swap backing store is full
#   Use 64 bit Java on a 64 bit OS
#   Decrease Java heap size (-Xmx/-Xms)
#   Decrease number of Java threads
#   Decrease Java thread stack sizes (-Xss)
#   Set larger code cache with -XX:ReservedCodeCacheSize=
# This output file may be truncated or incomplete.
#
#  Out of Memory Error (memory/allocation.inline.hpp:62), pid=6344, tid=1416
#
# JRE version:  (8.0_20-b26) (build )
# Java VM: Java HotSpot(TM) 64-Bit Server VM (25.20-b23 mixed mode windows-amd64 compressed oops)
# Failed to write core dump. Minidumps are not enabled by default on client versions of Windows
#

---------------  T H R E A D  ---------------

Current thread (0x00000000023a1000):  JavaThread "Unknown thread" [_thread_in_vm, id=1416, stack(0x00000000021a0000,0x00000000022a0000)]

Stack: [0x00000000021a0000,0x00000000022a0000]
Native frames: (J=compiled Java code, j=interpreted, Vv=VM code, C=native code)
V  [jvm.dll+0x3152fa]
V  [jvm.dll+0x265d03]
V  [jvm.dll+0x266943]
V  [jvm.dll+0x25e265]
V  [jvm.dll+0x38b06f]
V  [jvm.dll+0x3d4b92]
V  [jvm.dll+0x3d4f1a]
V  [jvm.dll+0x3d0637]
V  [jvm.dll+0xe4472]
V  [jvm.dll+0x1f8a09]
V  [jvm.dll+0x229fc4]
V  [jvm.dll+0x14c6f1]
C  [java.exe+0x20b6]
C  [java.exe+0xc9bb]
C  [java.exe+0xca4f]
C  [KERNEL32.DLL+0x18102]
C  [ntdll.dll+0x5c5b4]


---------------  P R O C E S S  ---------------

Java Threads: ( => current thread )

Other Threads:

=>0x00000000023a1000 (exited) JavaThread "Unknown thread" [_thread_in_vm, id=1416, stack(0x00000000021a0000,0x00000000022a0000)]

VM state:not at safepoint (normal execution)

VM Mutex/Monitor currently owned by a thread: None

Heap:
 PSYoungGen      total 38400K, used 665K [0x00000000eab00000, 0x00000000ed580000, 0x0000000100000000)
  eden space 33280K, 2% used [0x00000000eab00000,0x00000000eaba6670,0x00000000ecb80000)
  from space 5120K, 0% used [0x00000000ed080000,0x00000000ed080000,0x00000000ed580000)
  to   space 5120K, 0% used [0x00000000ecb80000,0x00000000ecb80000,0x00000000ed080000)
 ParOldGen       total 87552K, used 0K [0x00000000c0000000, 0x00000000c5580000, 0x00000000eab00000)
  object space 87552K, 0% used [0x00000000c0000000,0x00000000c0000000,0x00000000c5580000)
 Metaspace       used 674K, capacity 4480K, committed 4480K, reserved 1056768K
  class space    used 66K, capacity 384K, committed 384K, reserved 1048576K

Card table byte_map: [0x0000000011870000,0x0000000011a80000] byte_map_base: 0x0000000011270000

Marking Bits: (ParMarkBitMap*) 0x000000005693b460
 Begin Bits: [0x0000000011fe0000, 0x0000000012fe0000)
 End Bits:   [0x0000000012fe0000, 0x0000000013fe0000)

Polling page: 0x0000000000430000

CodeCache: size=245760Kb used=327Kb max_used=327Kb free=245432Kb
 bounds [0x00000000024b0000, 0x0000000002720000, 0x00000000114b0000]
 total_blobs=56 nmethods=0 adapters=37
 compilation: enabled

Compilation events (0 events):
No events

GC Heap History (0 events):
No events

Deoptimization events (0 events):
No events

Internal exceptions (0 events):
No events

Events (10 events):
Event: 0.041 loading class java/lang/Short
Event: 0.041 loading class java/lang/Short done
Event: 0.041 loading class java/lang/Integer
Event: 0.042 loading class java/lang/Integer done
Event: 0.042 loading class java/lang/Long
Event: 0.042 loading class java/lang/Long done
Event: 0.043 loading class java/lang/NullPointerException
Event: 0.043 loading class java/lang/NullPointerException done
Event: 0.043 loading class java/lang/ArithmeticException
Event: 0.043 loading class java/lang/ArithmeticException done


Dynamic libraries:
0x00007ff7fb3a0000 - 0x00007ff7fb3d4000 	C:\Program Files\Java\jdk1.8.0_20\bin\java.exe
0x00007ffed7790000 - 0x00007ffed7951000 	C:\WINDOWS\SYSTEM32\ntdll.dll
0x00007ffed5980000 - 0x00007ffed5a2d000 	C:\WINDOWS\system32\KERNEL32.DLL
0x00007ffed47d0000 - 0x00007ffed49b8000 	C:\WINDOWS\system32\KERNELBASE.dll
0x00007ffed4ba0000 - 0x00007ffed4c47000 	C:\WINDOWS\system32\ADVAPI32.dll
0x00007ffed5490000 - 0x00007ffed552d000 	C:\WINDOWS\system32\msvcrt.dll
0x00007ffed5b00000 - 0x00007ffed5b5b000 	C:\WINDOWS\system32\sechost.dll
0x00007ffed4c50000 - 0x00007ffed4d6c000 	C:\WINDOWS\system32\RPCRT4.dll
0x00007ffed7630000 - 0x00007ffed7786000 	C:\WINDOWS\system32\USER32.dll
0x00007ffed57f0000 - 0x00007ffed5976000 	C:\WINDOWS\system32\GDI32.dll
0x00007ffed03f0000 - 0x00007ffed0664000 	C:\WINDOWS\WinSxS\amd64_microsoft.windows.common-controls_6595b64144ccf1df_6.0.10586.0_none_8c15ae12515e1c22\COMCTL32.dll
0x00007ffed5b60000 - 0x00007ffed5ddd000 	C:\WINDOWS\system32\combase.dll
0x00007ffed4040000 - 0x00007ffed40aa000 	C:\WINDOWS\system32\bcryptPrimitives.dll
0x00007ffed4e70000 - 0x00007ffed4eab000 	C:\WINDOWS\system32\IMM32.DLL
0x00007ffed3ca0000 - 0x00007ffed3cd1000 	C:\Windows\system32\nvinitx.dll
0x00007ffed3c90000 - 0x00007ffed3c9a000 	C:\WINDOWS\SYSTEM32\VERSION.dll
0x0000000058190000 - 0x0000000058196000 	C:\Program Files\NVIDIA Corporation\CoProcManager\_etoured.dll
0x00007ffed1270000 - 0x00007ffed12a3000 	C:\Program Files\NVIDIA Corporation\CoProcManager\nvd3d9wrapx.dll
0x00007ffed4eb0000 - 0x00007ffed52d9000 	C:\WINDOWS\system32\SETUPAPI.dll
0x00007ffed40d0000 - 0x00007ffed4113000 	C:\WINDOWS\system32\CFGMGR32.dll
0x00007ffed1210000 - 0x00007ffed1232000 	C:\Program Files\NVIDIA Corporation\CoProcManager\nvdxgiwrapx.dll
0x0000000054090000 - 0x0000000054162000 	C:\Program Files\Java\jdk1.8.0_20\jre\bin\msvcr100.dll
0x0000000056160000 - 0x00000000569b8000 	C:\Program Files\Java\jdk1.8.0_20\jre\bin\server\jvm.dll
0x00007ffed5530000 - 0x00007ffed5538000 	C:\WINDOWS\system32\PSAPI.DLL
0x00007ffed1530000 - 0x00007ffed1539000 	C:\WINDOWS\SYSTEM32\WSOCK32.dll
0x00007ffed7400000 - 0x00007ffed746b000 	C:\WINDOWS\system32\WS2_32.dll
0x00007ffed2020000 - 0x00007ffed2043000 	C:\WINDOWS\SYSTEM32\WINMM.dll
0x00007ffed1fc0000 - 0x00007ffed1fec000 	C:\WINDOWS\SYSTEM32\WINMMBASE.dll
0x0000000057010000 - 0x000000005701f000 	C:\Program Files\Java\jdk1.8.0_20\jre\bin\verify.dll
0x0000000056fe0000 - 0x0000000057008000 	C:\Program Files\Java\jdk1.8.0_20\jre\bin\java.dll
0x0000000056fc0000 - 0x0000000056fd6000 	C:\Program Files\Java\jdk1.8.0_20\jre\bin\zip.dll
0x00007ffebb750000 - 0x00007ffebb8dc000 	C:\WINDOWS\SYSTEM32\dbghelp.dll

VM Arguments:
jvm_args: -Djava.awt.headless=true -Xmx1024M -Dfile.encoding=GBK -Duser.country=CN -Duser.language=zh -Duser.variant 
java_command: com.android.dx.command.Main --dex --force-jumbo --num-threads=4 --multi-dex --output D:\MyAndroidProject\MultiMediaDemo\app\build\intermediates\transforms\dex\debug\folders\1000\5\slice_5 D:\MyAndroidProject\MultiMediaDemo\app\build\intermediates\transforms\instantRunSlicer\debug\folders\1\5\slice_5
java_class_path (initial): F:\Users\Administrator\AppData\Local\Android\sdk\build-tools\23.0.2\lib\dx.jar
Launcher Type: SUN_STANDARD

Environment Variables:
JAVA_HOME=C:\Program Files\Java\jdk1.8.0_20
CLASSPATH=.;C:\Program Files\Java\jdk1.8.0_20\lib\dt.jar;C:\Program Files\Java\jdk1.8.0_20\lib\tools.jar
PATH=C:\ProgramData\Oracle\Java\javapath;C:\WINDOWS\system32;C:\WINDOWS;C:\WINDOWS\System32\Wbem;C:\WINDOWS\System32\WindowsPowerShell\v1.0\;C:\Program Files\Java\jdk1.8.0_20\bin;C:\Program Files\Java\jdk1.8.0_20\jre\bin;D:\android-studio\gradle\gradle-2.10\bin;C:\Program Files (x86)\NVIDIA Corporation\PhysX\Common;C:\Program Files\Git\cmd;F:\Users\Administrator\AppData\Local\Android\sdk\platform-tools
USERNAME=Administrator
OS=Windows_NT
PROCESSOR_IDENTIFIER=Intel64 Family 6 Model 58 Stepping 9, GenuineIntel



---------------  S Y S T E M  ---------------

OS: Windows 8.1 , 64 bit Build 9600 

CPU:total 4 (2 cores per cpu, 2 threads per core) family 6 model 58 stepping 9, cmov, cx8, fxsr, mmx, sse, sse2, sse3, ssse3, sse4.1, sse4.2, popcnt, avx, aes, clmul, erms, ht, tsc, tscinvbit, tscinv

Memory: 4k page, physical 8271552k(2158148k free), swap 8980620k(6444k free)

vm_info: Java HotSpot(TM) 64-Bit Server VM (25.20-b23) for windows-amd64 JRE (1.8.0_20-b26), built on Jul 30 2014 13:51:23 by "java_re" with MS VC++ 10.0 (VS2010)

time: Thu May 26 21:15:23 2016
elapsed time: 0 seconds (0d 0h 0m 0s)

